{"C:\\Users\\Administrator\\Documents\\MiDocuments\\node-typescript\\src\\controllers\\message.ts": {"path":"C:\\Users\\Administrator\\Documents\\MiDocuments\\node-typescript\\src\\controllers\\message.ts","statementMap":{"0":{"start":{"line":3,"column":0},"end":{"line":3,"column":40}},"1":{"start":{"line":4,"column":0},"end":{"line":4,"column":40}},"2":{"start":{"line":5,"column":0},"end":{"line":5,"column":52}},"3":{"start":{"line":7,"column":22},"end":{"line":27,"column":2}},"4":{"start":{"line":7,"column":60},"end":{"line":27,"column":2}},"5":{"start":{"line":8,"column":4},"end":{"line":26,"column":5}},"6":{"start":{"line":9,"column":33},"end":{"line":9,"column":65}},"7":{"start":{"line":10,"column":4},"end":{"line":12,"column":5}},"8":{"start":{"line":11,"column":6},"end":{"line":11,"column":60}},"9":{"start":{"line":13,"column":41},"end":{"line":13,"column":46}},"10":{"start":{"line":14,"column":25},"end":{"line":18,"column":10}},"11":{"start":{"line":19,"column":8},"end":{"line":19,"column":37}},"12":{"start":{"line":20,"column":8},"end":{"line":22,"column":11}},"13":{"start":{"line":24,"column":8},"end":{"line":24,"column":27}},"14":{"start":{"line":25,"column":8},"end":{"line":25,"column":36}},"15":{"start":{"line":75,"column":9},"end":{"line":75,"column":22}},"16":{"start":{"line":29,"column":20},"end":{"line":36,"column":2}},"17":{"start":{"line":29,"column":57},"end":{"line":36,"column":2}},"18":{"start":{"line":30,"column":4},"end":{"line":35,"column":5}},"19":{"start":{"line":31,"column":24},"end":{"line":31,"column":44}},"20":{"start":{"line":32,"column":8},"end":{"line":32,"column":39}},"21":{"start":{"line":34,"column":8},"end":{"line":34,"column":79}},"22":{"start":{"line":75,"column":23},"end":{"line":75,"column":34}},"23":{"start":{"line":38,"column":19},"end":{"line":49,"column":2}},"24":{"start":{"line":38,"column":56},"end":{"line":49,"column":2}},"25":{"start":{"line":39,"column":4},"end":{"line":48,"column":5}},"26":{"start":{"line":40,"column":23},"end":{"line":40,"column":60}},"27":{"start":{"line":41,"column":8},"end":{"line":45,"column":9}},"28":{"start":{"line":42,"column":12},"end":{"line":42,"column":42}},"29":{"start":{"line":44,"column":12},"end":{"line":44,"column":59}},"30":{"start":{"line":47,"column":8},"end":{"line":47,"column":36}},"31":{"start":{"line":75,"column":35},"end":{"line":75,"column":45}},"32":{"start":{"line":51,"column":22},"end":{"line":64,"column":2}},"33":{"start":{"line":51,"column":59},"end":{"line":64,"column":2}},"34":{"start":{"line":52,"column":4},"end":{"line":63,"column":5}},"35":{"start":{"line":53,"column":23},"end":{"line":55,"column":25}},"36":{"start":{"line":56,"column":8},"end":{"line":60,"column":9}},"37":{"start":{"line":57,"column":12},"end":{"line":57,"column":42}},"38":{"start":{"line":59,"column":12},"end":{"line":59,"column":57}},"39":{"start":{"line":62,"column":8},"end":{"line":62,"column":53}},"40":{"start":{"line":75,"column":46},"end":{"line":75,"column":59}},"41":{"start":{"line":66,"column":22},"end":{"line":73,"column":2}},"42":{"start":{"line":66,"column":59},"end":{"line":73,"column":2}},"43":{"start":{"line":67,"column":4},"end":{"line":72,"column":5}},"44":{"start":{"line":68,"column":8},"end":{"line":68,"column":55}},"45":{"start":{"line":69,"column":8},"end":{"line":69,"column":61}},"46":{"start":{"line":71,"column":8},"end":{"line":71,"column":50}},"47":{"start":{"line":75,"column":60},"end":{"line":75,"column":73}}},"fnMap":{"0":{"name":"(anonymous_8)","decl":{"start":{"line":7,"column":22},"end":{"line":7,"column":29}},"loc":{"start":{"line":7,"column":60},"end":{"line":27,"column":2}}},"1":{"name":"(anonymous_9)","decl":{"start":{"line":7,"column":60},"end":{"line":7,"column":null}},"loc":{"start":{"line":7,"column":60},"end":{"line":27,"column":1}}},"2":{"name":"(anonymous_10)","decl":{"start":{"line":29,"column":20},"end":{"line":29,"column":27}},"loc":{"start":{"line":29,"column":57},"end":{"line":36,"column":2}}},"3":{"name":"(anonymous_11)","decl":{"start":{"line":29,"column":57},"end":{"line":29,"column":null}},"loc":{"start":{"line":29,"column":57},"end":{"line":36,"column":1}}},"4":{"name":"(anonymous_12)","decl":{"start":{"line":38,"column":19},"end":{"line":38,"column":26}},"loc":{"start":{"line":38,"column":56},"end":{"line":49,"column":2}}},"5":{"name":"(anonymous_13)","decl":{"start":{"line":38,"column":56},"end":{"line":38,"column":null}},"loc":{"start":{"line":38,"column":56},"end":{"line":49,"column":1}}},"6":{"name":"(anonymous_14)","decl":{"start":{"line":51,"column":22},"end":{"line":51,"column":29}},"loc":{"start":{"line":51,"column":59},"end":{"line":64,"column":2}}},"7":{"name":"(anonymous_15)","decl":{"start":{"line":51,"column":59},"end":{"line":51,"column":null}},"loc":{"start":{"line":51,"column":59},"end":{"line":64,"column":1}}},"8":{"name":"(anonymous_16)","decl":{"start":{"line":66,"column":22},"end":{"line":66,"column":29}},"loc":{"start":{"line":66,"column":59},"end":{"line":73,"column":2}}},"9":{"name":"(anonymous_17)","decl":{"start":{"line":66,"column":59},"end":{"line":66,"column":null}},"loc":{"start":{"line":66,"column":59},"end":{"line":73,"column":1}}}},"branchMap":{"0":{"loc":{"start":{"line":10,"column":4},"end":{"line":12,"column":5}},"type":"if","locations":[{"start":{"line":10,"column":4},"end":{"line":12,"column":5}}]},"1":{"loc":{"start":{"line":41,"column":8},"end":{"line":45,"column":9}},"type":"if","locations":[{"start":{"line":41,"column":8},"end":{"line":45,"column":9}},{"start":{"line":43,"column":15},"end":{"line":45,"column":9}}]},"2":{"loc":{"start":{"line":56,"column":8},"end":{"line":60,"column":9}},"type":"if","locations":[{"start":{"line":56,"column":8},"end":{"line":60,"column":9}},{"start":{"line":58,"column":15},"end":{"line":60,"column":9}}]}},"s":{"0":1,"1":1,"2":1,"3":1,"4":3,"5":3,"6":3,"7":3,"8":2,"9":1,"10":1,"11":1,"12":1,"13":0,"14":0,"15":1,"16":1,"17":0,"18":0,"19":0,"20":0,"21":0,"22":1,"23":1,"24":0,"25":0,"26":0,"27":0,"28":0,"29":0,"30":0,"31":1,"32":1,"33":0,"34":0,"35":0,"36":0,"37":0,"38":0,"39":0,"40":1,"41":1,"42":0,"43":0,"44":0,"45":0,"46":0,"47":1},"f":{"0":3,"1":3,"2":0,"3":0,"4":0,"5":0,"6":0,"7":0,"8":0,"9":0},"b":{"0":[2],"1":[0,0],"2":[0,0]}}
,"C:\\Users\\Administrator\\Documents\\MiDocuments\\node-typescript\\src\\controllers\\usercontroller.ts": {"path":"C:\\Users\\Administrator\\Documents\\MiDocuments\\node-typescript\\src\\controllers\\usercontroller.ts","statementMap":{"0":{"start":{"line":2,"column":0},"end":{"line":2,"column":43}},"1":{"start":{"line":3,"column":0},"end":{"line":3,"column":52}},"2":{"start":{"line":4,"column":0},"end":{"line":4,"column":84}},"3":{"start":{"line":12,"column":4},"end":{"line":20,"column":null}},"4":{"start":{"line":12,"column":80},"end":{"line":20,"column":null}},"5":{"start":{"line":13,"column":8},"end":{"line":19,"column":9}},"6":{"start":{"line":14,"column":26},"end":{"line":14,"column":48}},"7":{"start":{"line":15,"column":12},"end":{"line":15,"column":null}},"8":{"start":{"line":18,"column":12},"end":{"line":18,"column":44}},"9":{"start":{"line":22,"column":4},"end":{"line":31,"column":null}},"10":{"start":{"line":22,"column":77},"end":{"line":31,"column":null}},"11":{"start":{"line":23,"column":8},"end":{"line":30,"column":9}},"12":{"start":{"line":24,"column":27},"end":{"line":24,"column":41}},"13":{"start":{"line":25,"column":25},"end":{"line":25,"column":53}},"14":{"start":{"line":26,"column":12},"end":{"line":26,"column":null}},"15":{"start":{"line":29,"column":12},"end":{"line":29,"column":44}},"16":{"start":{"line":33,"column":4},"end":{"line":56,"column":null}},"17":{"start":{"line":33,"column":80},"end":{"line":56,"column":null}},"18":{"start":{"line":34,"column":8},"end":{"line":55,"column":9}},"19":{"start":{"line":35,"column":46},"end":{"line":35,"column":58}},"20":{"start":{"line":36,"column":33},"end":{"line":36,"column":67}},"21":{"start":{"line":37,"column":12},"end":{"line":39,"column":13}},"22":{"start":{"line":38,"column":16},"end":{"line":38,"column":75}},"23":{"start":{"line":42,"column":25},"end":{"line":42,"column":45}},"24":{"start":{"line":43,"column":33},"end":{"line":43,"column":71}},"25":{"start":{"line":45,"column":25},"end":{"line":49,"column":14}},"26":{"start":{"line":50,"column":12},"end":{"line":50,"column":30}},"27":{"start":{"line":51,"column":12},"end":{"line":51,"column":null}},"28":{"start":{"line":54,"column":12},"end":{"line":54,"column":44}},"29":{"start":{"line":57,"column":4},"end":{"line":74,"column":null}},"30":{"start":{"line":57,"column":80},"end":{"line":74,"column":null}},"31":{"start":{"line":58,"column":8},"end":{"line":73,"column":9}},"32":{"start":{"line":59,"column":27},"end":{"line":59,"column":41}},"33":{"start":{"line":60,"column":36},"end":{"line":60,"column":48}},"34":{"start":{"line":62,"column":25},"end":{"line":62,"column":53}},"35":{"start":{"line":63,"column":12},"end":{"line":69,"column":13}},"36":{"start":{"line":64,"column":16},"end":{"line":64,"column":33}},"37":{"start":{"line":65,"column":16},"end":{"line":65,"column":35}},"38":{"start":{"line":67,"column":16},"end":{"line":67,"column":34}},"39":{"start":{"line":68,"column":16},"end":{"line":68,"column":null}},"40":{"start":{"line":70,"column":12},"end":{"line":70,"column":44}},"41":{"start":{"line":72,"column":12},"end":{"line":72,"column":44}},"42":{"start":{"line":76,"column":4},"end":{"line":85,"column":null}},"43":{"start":{"line":76,"column":80},"end":{"line":85,"column":null}},"44":{"start":{"line":77,"column":8},"end":{"line":84,"column":9}},"45":{"start":{"line":78,"column":27},"end":{"line":78,"column":41}},"46":{"start":{"line":79,"column":12},"end":{"line":79,"column":59}},"47":{"start":{"line":80,"column":12},"end":{"line":80,"column":null}},"48":{"start":{"line":83,"column":12},"end":{"line":83,"column":44}},"49":{"start":{"line":87,"column":4},"end":{"line":110,"column":null}},"50":{"start":{"line":87,"column":76},"end":{"line":110,"column":null}},"51":{"start":{"line":88,"column":8},"end":{"line":109,"column":9}},"52":{"start":{"line":89,"column":40},"end":{"line":89,"column":52}},"53":{"start":{"line":90,"column":30},"end":{"line":92,"column":14}},"54":{"start":{"line":94,"column":12},"end":{"line":96,"column":13}},"55":{"start":{"line":95,"column":16},"end":{"line":95,"column":80}},"56":{"start":{"line":97,"column":12},"end":{"line":97,"column":null}},"57":{"start":{"line":98,"column":12},"end":{"line":98,"column":null}},"58":{"start":{"line":99,"column":12},"end":{"line":99,"column":null}},"59":{"start":{"line":100,"column":36},"end":{"line":100,"column":82}},"60":{"start":{"line":101,"column":12},"end":{"line":103,"column":13}},"61":{"start":{"line":102,"column":16},"end":{"line":102,"column":84}},"62":{"start":{"line":104,"column":29},"end":{"line":104,"column":33}},"63":{"start":{"line":105,"column":12},"end":{"line":105,"column":null}},"64":{"start":{"line":108,"column":12},"end":{"line":108,"column":44}},"65":{"start":{"line":9,"column":8},"end":{"line":9,"column":51}},"66":{"start":{"line":113,"column":0},"end":{"line":113,"column":36}}},"fnMap":{"0":{"name":"(anonymous_7)","decl":{"start":{"line":7,"column":0},"end":{"line":7,"column":6}},"loc":{"start":{"line":7,"column":0},"end":{"line":112,"column":1}}},"1":{"name":"(anonymous_8)","decl":{"start":{"line":12,"column":17},"end":{"line":12,"column":24}},"loc":{"start":{"line":12,"column":80},"end":{"line":20,"column":null}}},"2":{"name":"(anonymous_9)","decl":{"start":{"line":12,"column":80},"end":{"line":12,"column":null}},"loc":{"start":{"line":12,"column":80},"end":{"line":20,"column":5}}},"3":{"name":"(anonymous_10)","decl":{"start":{"line":22,"column":14},"end":{"line":22,"column":21}},"loc":{"start":{"line":22,"column":77},"end":{"line":31,"column":null}}},"4":{"name":"(anonymous_11)","decl":{"start":{"line":22,"column":77},"end":{"line":22,"column":null}},"loc":{"start":{"line":22,"column":77},"end":{"line":31,"column":5}}},"5":{"name":"(anonymous_12)","decl":{"start":{"line":33,"column":17},"end":{"line":33,"column":24}},"loc":{"start":{"line":33,"column":80},"end":{"line":56,"column":null}}},"6":{"name":"(anonymous_13)","decl":{"start":{"line":33,"column":80},"end":{"line":33,"column":null}},"loc":{"start":{"line":33,"column":80},"end":{"line":56,"column":5}}},"7":{"name":"(anonymous_14)","decl":{"start":{"line":57,"column":17},"end":{"line":57,"column":24}},"loc":{"start":{"line":57,"column":80},"end":{"line":74,"column":null}}},"8":{"name":"(anonymous_15)","decl":{"start":{"line":57,"column":80},"end":{"line":57,"column":null}},"loc":{"start":{"line":57,"column":80},"end":{"line":74,"column":5}}},"9":{"name":"(anonymous_16)","decl":{"start":{"line":76,"column":17},"end":{"line":76,"column":24}},"loc":{"start":{"line":76,"column":80},"end":{"line":85,"column":null}}},"10":{"name":"(anonymous_17)","decl":{"start":{"line":76,"column":80},"end":{"line":76,"column":null}},"loc":{"start":{"line":76,"column":80},"end":{"line":85,"column":5}}},"11":{"name":"(anonymous_18)","decl":{"start":{"line":87,"column":13},"end":{"line":87,"column":20}},"loc":{"start":{"line":87,"column":76},"end":{"line":110,"column":null}}},"12":{"name":"(anonymous_19)","decl":{"start":{"line":87,"column":76},"end":{"line":87,"column":null}},"loc":{"start":{"line":87,"column":76},"end":{"line":110,"column":5}}},"13":{"name":"(anonymous_20)","decl":{"start":{"line":8,"column":4},"end":{"line":8,"column":15}},"loc":{"start":{"line":8,"column":334},"end":{"line":10,"column":5}}}},"branchMap":{"0":{"loc":{"start":{"line":37,"column":12},"end":{"line":39,"column":13}},"type":"if","locations":[{"start":{"line":37,"column":12},"end":{"line":39,"column":13}}]},"1":{"loc":{"start":{"line":63,"column":12},"end":{"line":69,"column":13}},"type":"if","locations":[{"start":{"line":63,"column":12},"end":{"line":69,"column":13}}]},"2":{"loc":{"start":{"line":94,"column":12},"end":{"line":96,"column":13}},"type":"if","locations":[{"start":{"line":94,"column":12},"end":{"line":96,"column":13}}]},"3":{"loc":{"start":{"line":101,"column":12},"end":{"line":103,"column":13}},"type":"if","locations":[{"start":{"line":101,"column":12},"end":{"line":103,"column":13}}]}},"s":{"0":1,"1":1,"2":1,"3":1,"4":1,"5":1,"6":1,"7":1,"8":0,"9":1,"10":2,"11":2,"12":2,"13":2,"14":1,"15":1,"16":1,"17":3,"18":3,"19":3,"20":3,"21":2,"22":1,"23":1,"24":1,"25":1,"26":1,"27":1,"28":1,"29":1,"30":2,"31":2,"32":2,"33":2,"34":1,"35":1,"36":1,"37":1,"38":1,"39":0,"40":0,"41":2,"42":1,"43":2,"44":2,"45":2,"46":2,"47":1,"48":1,"49":1,"50":4,"51":4,"52":4,"53":4,"54":3,"55":1,"56":2,"57":2,"58":2,"59":2,"60":2,"61":1,"62":1,"63":1,"64":1,"65":0,"66":1},"f":{"0":1,"1":1,"2":1,"3":2,"4":2,"5":3,"6":3,"7":2,"8":2,"9":2,"10":2,"11":4,"12":4,"13":0},"b":{"0":[1],"1":[1],"2":[1],"3":[1]}}
,"C:\\Users\\Administrator\\Documents\\MiDocuments\\node-typescript\\src\\models\\user.ts": {"path":"C:\\Users\\Administrator\\Documents\\MiDocuments\\node-typescript\\src\\models\\user.ts","statementMap":{"0":{"start":{"line":1,"column":0},"end":{"line":1,"column":32}},"1":{"start":{"line":3,"column":19},"end":{"line":20,"column":null}},"2":{"start":{"line":23,"column":13},"end":{"line":23,"column":61}}},"fnMap":{},"branchMap":{},"s":{"0":1,"1":1,"2":1},"f":{},"b":{}}
,"C:\\Users\\Administrator\\Documents\\MiDocuments\\node-typescript\\src\\utils\\authentication.ts": {"path":"C:\\Users\\Administrator\\Documents\\MiDocuments\\node-typescript\\src\\utils\\authentication.ts","statementMap":{"0":{"start":{"line":1,"column":0},"end":{"line":1,"column":31}},"1":{"start":{"line":8,"column":25},"end":{"line":19,"column":1}},"2":{"start":{"line":9,"column":28},"end":{"line":9,"column":36}},"3":{"start":{"line":10,"column":18},"end":{"line":16,"column":null}},"4":{"start":{"line":18,"column":4},"end":{"line":18,"column":17}},"5":{"start":{"line":8,"column":13},"end":{"line":8,"column":25}},"6":{"start":{"line":21,"column":22},"end":{"line":29,"column":1}},"7":{"start":{"line":22,"column":4},"end":{"line":28,"column":5}},"8":{"start":{"line":23,"column":24},"end":{"line":23,"column":63}},"9":{"start":{"line":24,"column":8},"end":{"line":24,"column":23}},"10":{"start":{"line":26,"column":8},"end":{"line":26,"column":53}},"11":{"start":{"line":27,"column":8},"end":{"line":27,"column":20}},"12":{"start":{"line":21,"column":13},"end":{"line":21,"column":22}}},"fnMap":{"0":{"name":"(anonymous_1)","decl":{"start":{"line":8,"column":25},"end":{"line":8,"column":26}},"loc":{"start":{"line":8,"column":56},"end":{"line":19,"column":1}}},"1":{"name":"(anonymous_2)","decl":{"start":{"line":21,"column":22},"end":{"line":21,"column":23}},"loc":{"start":{"line":21,"column":57},"end":{"line":29,"column":1}}}},"branchMap":{},"s":{"0":1,"1":1,"2":0,"3":0,"4":0,"5":1,"6":1,"7":0,"8":0,"9":0,"10":0,"11":0,"12":1},"f":{"0":0,"1":0},"b":{}}
,"C:\\Users\\Administrator\\Documents\\MiDocuments\\node-typescript\\src\\utils\\password.ts": {"path":"C:\\Users\\Administrator\\Documents\\MiDocuments\\node-typescript\\src\\utils\\password.ts","statementMap":{"0":{"start":{"line":1,"column":0},"end":{"line":1,"column":28}},"1":{"start":{"line":3,"column":0},"end":{"line":3,"column":30}},"2":{"start":{"line":6,"column":19},"end":{"line":6,"column":35}},"3":{"start":{"line":12,"column":28},"end":{"line":14,"column":null}},"4":{"start":{"line":12,"column":39},"end":{"line":14,"column":null}},"5":{"start":{"line":13,"column":4},"end":{"line":13,"column":null}},"6":{"start":{"line":12,"column":13},"end":{"line":12,"column":28}},"7":{"start":{"line":16,"column":32},"end":{"line":18,"column":null}},"8":{"start":{"line":16,"column":73},"end":{"line":18,"column":null}},"9":{"start":{"line":17,"column":4},"end":{"line":17,"column":45}},"10":{"start":{"line":16,"column":13},"end":{"line":16,"column":32}},"11":{"start":{"line":20,"column":32},"end":{"line":22,"column":null}},"12":{"start":{"line":20,"column":103},"end":{"line":22,"column":null}},"13":{"start":{"line":21,"column":4},"end":{"line":21,"column":75}},"14":{"start":{"line":20,"column":13},"end":{"line":20,"column":32}},"15":{"start":{"line":24,"column":33},"end":{"line":26,"column":1}},"16":{"start":{"line":25,"column":4},"end":{"line":25,"column":62}},"17":{"start":{"line":24,"column":13},"end":{"line":24,"column":33}},"18":{"start":{"line":28,"column":31},"end":{"line":35,"column":2}},"19":{"start":{"line":28,"column":100},"end":{"line":35,"column":2}},"20":{"start":{"line":29,"column":4},"end":{"line":34,"column":5}},"21":{"start":{"line":30,"column":8},"end":{"line":30,"column":62}},"22":{"start":{"line":32,"column":8},"end":{"line":32,"column":59}},"23":{"start":{"line":33,"column":8},"end":{"line":33,"column":53}},"24":{"start":{"line":28,"column":13},"end":{"line":28,"column":31}}},"fnMap":{"0":{"name":"(anonymous_8)","decl":{"start":{"line":12,"column":28},"end":{"line":12,"column":37}},"loc":{"start":{"line":12,"column":39},"end":{"line":14,"column":null}}},"1":{"name":"(anonymous_9)","decl":{"start":{"line":12,"column":39},"end":{"line":12,"column":null}},"loc":{"start":{"line":12,"column":39},"end":{"line":14,"column":1}}},"2":{"name":"(anonymous_10)","decl":{"start":{"line":16,"column":32},"end":{"line":16,"column":39}},"loc":{"start":{"line":16,"column":73},"end":{"line":18,"column":null}}},"3":{"name":"(anonymous_11)","decl":{"start":{"line":16,"column":73},"end":{"line":16,"column":null}},"loc":{"start":{"line":16,"column":73},"end":{"line":18,"column":1}}},"4":{"name":"(anonymous_12)","decl":{"start":{"line":20,"column":32},"end":{"line":20,"column":39}},"loc":{"start":{"line":20,"column":103},"end":{"line":22,"column":null}}},"5":{"name":"(anonymous_13)","decl":{"start":{"line":20,"column":103},"end":{"line":20,"column":null}},"loc":{"start":{"line":20,"column":103},"end":{"line":22,"column":1}}},"6":{"name":"(anonymous_14)","decl":{"start":{"line":24,"column":33},"end":{"line":24,"column":34}},"loc":{"start":{"line":24,"column":58},"end":{"line":26,"column":1}}},"7":{"name":"(anonymous_15)","decl":{"start":{"line":28,"column":31},"end":{"line":28,"column":38}},"loc":{"start":{"line":28,"column":100},"end":{"line":35,"column":2}}},"8":{"name":"(anonymous_16)","decl":{"start":{"line":28,"column":100},"end":{"line":28,"column":null}},"loc":{"start":{"line":28,"column":100},"end":{"line":35,"column":1}}}},"branchMap":{},"s":{"0":1,"1":1,"2":1,"3":1,"4":0,"5":0,"6":1,"7":1,"8":0,"9":0,"10":1,"11":1,"12":0,"13":0,"14":1,"15":1,"16":0,"17":1,"18":1,"19":0,"20":0,"21":0,"22":0,"23":0,"24":1},"f":{"0":0,"1":0,"2":0,"3":0,"4":0,"5":0,"6":0,"7":0,"8":0},"b":{}}
,"C:\\Users\\Administrator\\Documents\\MiDocuments\\node-typescript\\src\\utils\\validation.ts": {"path":"C:\\Users\\Administrator\\Documents\\MiDocuments\\node-typescript\\src\\utils\\validation.ts","statementMap":{"0":{"start":{"line":1,"column":0},"end":{"line":1,"column":22}},"1":{"start":{"line":3,"column":13},"end":{"line":7,"column":3}},"2":{"start":{"line":8,"column":13},"end":{"line":12,"column":3}}},"fnMap":{},"branchMap":{},"s":{"0":1,"1":1,"2":1},"f":{},"b":{}}
}
