TN:
SF:src\controllers\blogcontroller.ts
FN:4,(anonymous_7)
FN:6,(anonymous_8)
FN:6,(anonymous_9)
FN:16,(anonymous_10)
FN:16,(anonymous_11)
FN:27,(anonymous_12)
FN:27,(anonymous_13)
FN:42,(anonymous_14)
FN:42,(anonymous_15)
FN:61,(anonymous_16)
FN:61,(anonymous_17)
FNF:11
FNH:9
FNDA:1,(anonymous_7)
FNDA:2,(anonymous_8)
FNDA:2,(anonymous_9)
FNDA:2,(anonymous_10)
FNDA:2,(anonymous_11)
FNDA:2,(anonymous_12)
FNDA:2,(anonymous_13)
FNDA:0,(anonymous_14)
FNDA:0,(anonymous_15)
FNDA:2,(anonymous_16)
FNDA:2,(anonymous_17)
DA:2,1
DA:6,2
DA:7,2
DA:8,2
DA:9,1
DA:12,1
DA:16,2
DA:17,2
DA:18,2
DA:19,2
DA:20,1
DA:23,1
DA:27,2
DA:28,2
DA:29,2
DA:30,2
DA:35,1
DA:36,1
DA:39,1
DA:42,1
DA:43,0
DA:44,0
DA:45,0
DA:47,0
DA:48,0
DA:49,0
DA:50,0
DA:51,0
DA:52,0
DA:53,0
DA:55,0
DA:57,0
DA:61,2
DA:62,2
DA:63,2
DA:64,2
DA:65,1
DA:68,1
DA:72,1
LF:39
LH:27
BRDA:48,0,0,0
BRF:1
BRH:0
end_of_record
TN:
SF:src\controllers\usercontroller.ts
FN:7,(anonymous_7)
FN:12,(anonymous_8)
FN:12,(anonymous_9)
FN:22,(anonymous_10)
FN:22,(anonymous_11)
FN:33,(anonymous_12)
FN:33,(anonymous_13)
FN:57,(anonymous_14)
FN:57,(anonymous_15)
FN:76,(anonymous_16)
FN:76,(anonymous_17)
FN:87,(anonymous_18)
FN:87,(anonymous_19)
FN:8,(anonymous_20)
FNF:14
FNH:13
FNDA:1,(anonymous_7)
FNDA:1,(anonymous_8)
FNDA:1,(anonymous_9)
FNDA:2,(anonymous_10)
FNDA:2,(anonymous_11)
FNDA:3,(anonymous_12)
FNDA:3,(anonymous_13)
FNDA:2,(anonymous_14)
FNDA:2,(anonymous_15)
FNDA:2,(anonymous_16)
FNDA:2,(anonymous_17)
FNDA:4,(anonymous_18)
FNDA:4,(anonymous_19)
FNDA:0,(anonymous_20)
DA:2,1
DA:3,1
DA:4,1
DA:9,0
DA:12,1
DA:13,1
DA:14,1
DA:15,1
DA:18,0
DA:22,2
DA:23,2
DA:24,2
DA:25,2
DA:26,1
DA:29,1
DA:33,3
DA:34,3
DA:35,3
DA:36,3
DA:37,2
DA:38,1
DA:42,1
DA:43,1
DA:45,1
DA:50,1
DA:51,1
DA:54,1
DA:57,2
DA:58,2
DA:59,2
DA:60,2
DA:62,1
DA:63,1
DA:64,1
DA:65,1
DA:67,1
DA:68,0
DA:70,0
DA:72,2
DA:76,2
DA:77,2
DA:78,2
DA:79,2
DA:80,1
DA:83,1
DA:87,4
DA:88,4
DA:89,4
DA:90,4
DA:94,3
DA:95,1
DA:97,2
DA:98,2
DA:99,2
DA:100,2
DA:101,2
DA:102,1
DA:104,1
DA:105,1
DA:108,1
DA:113,1
LF:61
LH:57
BRDA:37,0,0,1
BRDA:63,1,0,1
BRDA:94,2,0,1
BRDA:101,3,0,1
BRF:4
BRH:4
end_of_record
TN:
SF:src\models\blog.ts
FNF:0
FNH:0
DA:1,1
DA:3,1
DA:22,1
LF:3
LH:3
BRF:0
BRH:0
end_of_record
TN:
SF:src\models\user.ts
FNF:0
FNH:0
DA:1,1
DA:3,1
DA:23,1
LF:3
LH:3
BRF:0
BRH:0
end_of_record
TN:
SF:src\utils\authentication.ts
FN:8,(anonymous_1)
FN:21,(anonymous_2)
FNF:2
FNH:0
FNDA:0,(anonymous_1)
FNDA:0,(anonymous_2)
DA:1,1
DA:8,1
DA:9,0
DA:10,0
DA:18,0
DA:21,1
DA:22,0
DA:23,0
DA:24,0
DA:26,0
DA:27,0
LF:11
LH:3
BRF:0
BRH:0
end_of_record
TN:
SF:src\utils\password.ts
FN:12,(anonymous_8)
FN:12,(anonymous_9)
FN:16,(anonymous_10)
FN:16,(anonymous_11)
FN:20,(anonymous_12)
FN:20,(anonymous_13)
FN:24,(anonymous_14)
FN:28,(anonymous_15)
FN:28,(anonymous_16)
FNF:9
FNH:0
FNDA:0,(anonymous_8)
FNDA:0,(anonymous_9)
FNDA:0,(anonymous_10)
FNDA:0,(anonymous_11)
FNDA:0,(anonymous_12)
FNDA:0,(anonymous_13)
FNDA:0,(anonymous_14)
FNDA:0,(anonymous_15)
FNDA:0,(anonymous_16)
DA:1,1
DA:3,1
DA:6,1
DA:12,1
DA:13,0
DA:16,1
DA:17,0
DA:20,1
DA:21,0
DA:24,1
DA:25,0
DA:28,1
DA:29,0
DA:30,0
DA:32,0
DA:33,0
LF:16
LH:8
BRF:0
BRH:0
end_of_record
