TN:
SF:src\controllers\message.ts
FN:7,(anonymous_8)
FN:7,(anonymous_9)
FN:29,(anonymous_10)
FN:29,(anonymous_11)
FN:38,(anonymous_12)
FN:38,(anonymous_13)
FN:51,(anonymous_14)
FN:51,(anonymous_15)
FN:66,(anonymous_16)
FN:66,(anonymous_17)
FNF:10
FNH:2
FNDA:3,(anonymous_8)
FNDA:3,(anonymous_9)
FNDA:0,(anonymous_10)
FNDA:0,(anonymous_11)
FNDA:0,(anonymous_12)
FNDA:0,(anonymous_13)
FNDA:0,(anonymous_14)
FNDA:0,(anonymous_15)
FNDA:0,(anonymous_16)
FNDA:0,(anonymous_17)
DA:3,1
DA:4,1
DA:5,1
DA:7,3
DA:8,3
DA:9,3
DA:10,3
DA:11,2
DA:13,1
DA:14,1
DA:19,1
DA:20,1
DA:24,0
DA:25,0
DA:29,1
DA:30,0
DA:31,0
DA:32,0
DA:34,0
DA:38,1
DA:39,0
DA:40,0
DA:41,0
DA:42,0
DA:44,0
DA:47,0
DA:51,1
DA:52,0
DA:53,0
DA:56,0
DA:57,0
DA:59,0
DA:62,0
DA:66,1
DA:67,0
DA:68,0
DA:69,0
DA:71,0
DA:75,1
LF:39
LH:17
BRDA:10,0,0,2
BRDA:41,1,0,0
BRDA:41,1,1,0
BRDA:56,2,0,0
BRDA:56,2,1,0
BRF:5
BRH:1
end_of_record
TN:
SF:src\controllers\usercontroller.ts
FN:7,(anonymous_7)
FN:12,(anonymous_8)
FN:12,(anonymous_9)
FN:22,(anonymous_10)
FN:22,(anonymous_11)
FN:33,(anonymous_12)
FN:33,(anonymous_13)
FN:57,(anonymous_14)
FN:57,(anonymous_15)
FN:76,(anonymous_16)
FN:76,(anonymous_17)
FN:87,(anonymous_18)
FN:87,(anonymous_19)
FN:8,(anonymous_20)
FNF:14
FNH:13
FNDA:1,(anonymous_7)
FNDA:1,(anonymous_8)
FNDA:1,(anonymous_9)
FNDA:2,(anonymous_10)
FNDA:2,(anonymous_11)
FNDA:3,(anonymous_12)
FNDA:3,(anonymous_13)
FNDA:2,(anonymous_14)
FNDA:2,(anonymous_15)
FNDA:2,(anonymous_16)
FNDA:2,(anonymous_17)
FNDA:4,(anonymous_18)
FNDA:4,(anonymous_19)
FNDA:0,(anonymous_20)
DA:2,1
DA:3,1
DA:4,1
DA:9,0
DA:12,1
DA:13,1
DA:14,1
DA:15,1
DA:18,0
DA:22,2
DA:23,2
DA:24,2
DA:25,2
DA:26,1
DA:29,1
DA:33,3
DA:34,3
DA:35,3
DA:36,3
DA:37,2
DA:38,1
DA:42,1
DA:43,1
DA:45,1
DA:50,1
DA:51,1
DA:54,1
DA:57,2
DA:58,2
DA:59,2
DA:60,2
DA:62,1
DA:63,1
DA:64,1
DA:65,1
DA:67,1
DA:68,0
DA:70,0
DA:72,2
DA:76,2
DA:77,2
DA:78,2
DA:79,2
DA:80,1
DA:83,1
DA:87,4
DA:88,4
DA:89,4
DA:90,4
DA:94,3
DA:95,1
DA:97,2
DA:98,2
DA:99,2
DA:100,2
DA:101,2
DA:102,1
DA:104,1
DA:105,1
DA:108,1
DA:113,1
LF:61
LH:57
BRDA:37,0,0,1
BRDA:63,1,0,1
BRDA:94,2,0,1
BRDA:101,3,0,1
BRF:4
BRH:4
end_of_record
TN:
SF:src\models\user.ts
FNF:0
FNH:0
DA:1,1
DA:3,1
DA:23,1
LF:3
LH:3
BRF:0
BRH:0
end_of_record
TN:
SF:src\utils\authentication.ts
FN:8,(anonymous_1)
FN:21,(anonymous_2)
FNF:2
FNH:0
FNDA:0,(anonymous_1)
FNDA:0,(anonymous_2)
DA:1,1
DA:8,1
DA:9,0
DA:10,0
DA:18,0
DA:21,1
DA:22,0
DA:23,0
DA:24,0
DA:26,0
DA:27,0
LF:11
LH:3
BRF:0
BRH:0
end_of_record
TN:
SF:src\utils\password.ts
FN:12,(anonymous_8)
FN:12,(anonymous_9)
FN:16,(anonymous_10)
FN:16,(anonymous_11)
FN:20,(anonymous_12)
FN:20,(anonymous_13)
FN:24,(anonymous_14)
FN:28,(anonymous_15)
FN:28,(anonymous_16)
FNF:9
FNH:0
FNDA:0,(anonymous_8)
FNDA:0,(anonymous_9)
FNDA:0,(anonymous_10)
FNDA:0,(anonymous_11)
FNDA:0,(anonymous_12)
FNDA:0,(anonymous_13)
FNDA:0,(anonymous_14)
FNDA:0,(anonymous_15)
FNDA:0,(anonymous_16)
DA:1,1
DA:3,1
DA:6,1
DA:12,1
DA:13,0
DA:16,1
DA:17,0
DA:20,1
DA:21,0
DA:24,1
DA:25,0
DA:28,1
DA:29,0
DA:30,0
DA:32,0
DA:33,0
LF:16
LH:8
BRF:0
BRH:0
end_of_record
TN:
SF:src\utils\validation.ts
FNF:0
FNH:0
DA:1,1
DA:3,1
DA:8,1
LF:3
LH:3
BRF:0
BRH:0
end_of_record
